<?xml version="1.0" encoding="UTF-8"?>
<!-- Generated by org.testng.reporters.JUnitReportReporter -->
<testsuite skipped="0" hostname="THSCP10100" name="com.uiFramework.companyName.bhanuProjectName.testScripts.loginPage.LoginTest" tests="1" failures="0" timestamp="09 Sep 2018 04:48:27 GMT" time="16.999" errors="0">
  <testcase name="testLoginToApplication" time="16.999" classname="com.uiFramework.companyName.bhanuProjectName.testScripts.loginPage.LoginTest"/>
</testsuite> <!-- com.uiFramework.companyName.bhanuProjectName.testScripts.loginPage.LoginTest -->
